<?xml version="1.0" encoding="UTF-8"?>
<!-- Generated by org.testng.reporters.JUnitReportReporter -->
<testsuite skipped="0" hostname="DESKTOP-SRO5DGJ" name="testcases.VerifyLogin" tests="1" failures="0" timestamp="2023-06-17T16:31:21 IST" time="91.028" errors="0">
  <testcase name="runLogin" time="91.028" classname="testcases.VerifyLogin"/>
  <system-out/>
</testsuite> <!-- testcases.VerifyLogin -->
