<?xml version="1.0" encoding="UTF-8"?>
<!-- Generated by org.testng.reporters.JUnitReportReporter -->
<testsuite skipped="0" hostname="DESKTOP-SRO5DGJ" name="testcases.Runner" tests="2" failures="0" timestamp="2023-06-19T21:35:24 IST" time="40.574" errors="0">
  <testcase name="runScenario" time="19.251" classname="testcases.Runner"/>
  <system-out/>
  <testcase name="runScenario" time="21.323" classname="testcases.Runner"/>
  <system-out/>
</testsuite> <!-- testcases.Runner -->
